<?xml version="1.0" encoding="UTF-8"?>
<testsuite errors="0" failures="0" hostname="gr8-VirtualBox" name="org.gradle.webservice.TestTestTest" tests="2" time="0.077" timestamp="2011-06-25T00:37:43">
  <properties />
  <testcase classname="org.gradle.webservice.TestTestTest" name="testClasspath" time="0.022" />
  <testcase classname="org.gradle.webservice.TestTestTest" name="testApiCompileClasspath" time="0.001" />
  <system-out><![CDATA[]]></system-out>
  <system-err><![CDATA[]]></system-err>
</testsuite>
